E, [2014-11-20T15:17:51.420692 #85961] ERROR -- Kitchen: ------Exception-------
E, [2014-11-20T15:17:51.420774 #85961] ERROR -- Kitchen: Class: Kitchen::UserError
E, [2014-11-20T15:17:51.420801 #85961] ERROR -- Kitchen: Message: Kitchen YAML file /Users/adamkrone/Projects/adamkrone/bedrock-test/.kitchen.yml does not exist.
E, [2014-11-20T15:17:51.420823 #85961] ERROR -- Kitchen: ------Backtrace-------
E, [2014-11-20T15:17:51.420844 #85961] ERROR -- Kitchen: /opt/chefdk/embedded/apps/test-kitchen/lib/kitchen/loader/yaml.rb:74:in `read'
E, [2014-11-20T15:17:51.420865 #85961] ERROR -- Kitchen: /opt/chefdk/embedded/apps/test-kitchen/lib/kitchen/config.rb:78:in `data'
E, [2014-11-20T15:17:51.420886 #85961] ERROR -- Kitchen: /opt/chefdk/embedded/apps/test-kitchen/lib/kitchen/config.rb:66:in `suites'
E, [2014-11-20T15:17:51.420907 #85961] ERROR -- Kitchen: /opt/chefdk/embedded/apps/test-kitchen/lib/kitchen/config.rb:90:in `filter_instances'
E, [2014-11-20T15:17:51.420927 #85961] ERROR -- Kitchen: /opt/chefdk/embedded/apps/test-kitchen/lib/kitchen/config.rb:72:in `build_instances'
E, [2014-11-20T15:17:51.420960 #85961] ERROR -- Kitchen: /opt/chefdk/embedded/apps/test-kitchen/lib/kitchen/config.rb:52:in `instances'
E, [2014-11-20T15:17:51.420984 #85961] ERROR -- Kitchen: /opt/chefdk/embedded/apps/test-kitchen/lib/kitchen/command.rb:64:in `get_filtered_instances'
E, [2014-11-20T15:17:51.421005 #85961] ERROR -- Kitchen: /opt/chefdk/embedded/apps/test-kitchen/lib/kitchen/command.rb:85:in `parse_subcommand'
E, [2014-11-20T15:17:51.421035 #85961] ERROR -- Kitchen: /opt/chefdk/embedded/apps/test-kitchen/lib/kitchen/command/list.rb:31:in `call'
E, [2014-11-20T15:17:51.421066 #85961] ERROR -- Kitchen: /opt/chefdk/embedded/apps/test-kitchen/lib/kitchen/cli.rb:47:in `perform'
E, [2014-11-20T15:17:51.421088 #85961] ERROR -- Kitchen: /opt/chefdk/embedded/apps/test-kitchen/lib/kitchen/cli.rb:81:in `list'
E, [2014-11-20T15:17:51.421118 #85961] ERROR -- Kitchen: /opt/chefdk/embedded/lib/ruby/gems/2.1.0/gems/thor-0.19.1/lib/thor/command.rb:27:in `run'
E, [2014-11-20T15:17:51.421139 #85961] ERROR -- Kitchen: /opt/chefdk/embedded/lib/ruby/gems/2.1.0/gems/thor-0.19.1/lib/thor/invocation.rb:126:in `invoke_command'
E, [2014-11-20T15:17:51.421160 #85961] ERROR -- Kitchen: /opt/chefdk/embedded/apps/test-kitchen/lib/kitchen/cli.rb:233:in `invoke_task'
E, [2014-11-20T15:17:51.421194 #85961] ERROR -- Kitchen: /opt/chefdk/embedded/lib/ruby/gems/2.1.0/gems/thor-0.19.1/lib/thor.rb:359:in `dispatch'
E, [2014-11-20T15:17:51.421216 #85961] ERROR -- Kitchen: /opt/chefdk/embedded/lib/ruby/gems/2.1.0/gems/thor-0.19.1/lib/thor/base.rb:440:in `start'
E, [2014-11-20T15:17:51.421245 #85961] ERROR -- Kitchen: /opt/chefdk/embedded/apps/test-kitchen/bin/kitchen:13:in `block in <top (required)>'
E, [2014-11-20T15:17:51.421276 #85961] ERROR -- Kitchen: /opt/chefdk/embedded/apps/test-kitchen/lib/kitchen/errors.rb:81:in `with_friendly_errors'
E, [2014-11-20T15:17:51.421297 #85961] ERROR -- Kitchen: /opt/chefdk/embedded/apps/test-kitchen/bin/kitchen:13:in `<top (required)>'
E, [2014-11-20T15:17:51.421317 #85961] ERROR -- Kitchen: /usr/bin/kitchen:10:in `load'
E, [2014-11-20T15:17:51.421337 #85961] ERROR -- Kitchen: /usr/bin/kitchen:10:in `<main>'
E, [2014-11-20T15:17:51.421356 #85961] ERROR -- Kitchen: ----------------------
